
***************Saturation Functions Diagnostics***************
System:  Black-oil system.
Relative permeability input format: Saturation Family I.
Number of saturation regions: 1



================ Starting main simulation loop ===============



---------------    Simulation step number 0    ---------------
      Current time (days)     0
      Current stepsize (days) 100
      Total time (days)       1500



Time step    0 at day 0/1500, date = 01-Jan-2017

Adaptive time step (0), stepsize 33 days.
Iter  W-FLUX(W)  W-FLUX(O)  W-FLUX(G)
   0  8.092e-02  4.487e-03  8.591e-03
   1  5.303e-19  6.262e-17  5.078e-17
well converged iter: 1
Iter   MB(Wat)    MB(Oil)    MB(Gas)     CNV(W)     CNV(O)     CNV(G)   W-FLUX(W)  W-FLUX(O)  W-FLUX(G)
   0  3.860e-02  2.595e-03  2.100e-03  5.565e+00  2.803e+00  2.268e+00  8.625e-03  6.262e-17  5.078e-17
   1  5.674e-04  1.508e-03  1.203e-03  2.063e-01  3.755e-01  2.981e-01  2.112e-05  2.722e-05  2.169e-05
   2  8.078e-06  1.018e-04  8.074e-05  1.005e-02  7.244e-02  5.743e-02  2.485e-05  2.154e-04  1.708e-04
   3  5.885e-07  9.019e-07  7.153e-07  2.079e-04  9.888e-04  7.858e-04  9.112e-08  7.890e-07  6.238e-07
Overall linear iterations used: 20
well iterations = 1, non-linear iterations = 3, total linear iterations = 20
Adaptive time step (1), stepsize 67 days.
Iter  W-FLUX(W)  W-FLUX(O)  W-FLUX(G)
   0  7.056e-07  7.890e-07  6.238e-07
well converged iter: 0
Iter   MB(Wat)    MB(Oil)    MB(Gas)     CNV(W)     CNV(O)     CNV(G)   W-FLUX(W)  W-FLUX(O)  W-FLUX(G)
   0  6.652e-03  5.016e-03  3.978e-03  1.518e-01  1.500e-01  1.195e-01  7.057e-07  7.890e-07  6.238e-07
   1  1.823e-04  4.004e-04  3.177e-04  5.792e-02  5.622e-01  4.456e-01  2.121e-04  4.583e-04  3.633e-04
   2  8.055e-06  4.329e-05  3.431e-05  2.087e-02  5.430e-01  4.307e-01  2.894e-07  1.007e-06  8.076e-07
   3  1.180e-05  2.482e-05  1.968e-05  4.841e-03  1.889e-02  1.500e-02  2.211e-08  7.672e-08  6.053e-08
   4  3.662e-07  6.937e-07  5.501e-07  1.079e-05  5.769e-05  4.581e-05  1.158e-09  4.025e-09  3.188e-09
Overall linear iterations used: 19
well iterations = 1, non-linear iterations = 7, total linear iterations = 39
Sub steps started at time = 0 (days)
 step[ 0 ] = 33 (days)
 step[ 1 ] = 67 (days)
sub steps end time = 100 (days)
Suggested next step size = 201 (days)

                                                  ===================================================
                                                  :                   Field Totals                  :
                                                  :      PAV  =       255.408  PSIA                 :
                                                  :      PORV =       6605754   RB                  :
                                                  : Pressure is weighted by hydrocarbon pore voulme :
                                                  : Pore volumes are taken at reference conditions  :
                         :--------------- Oil    STB ---------------:-- Wat    STB --:--------------- Gas   MSCF ---------------:
                         :      Liquid        Vapour        Total   :      Total     :      Free        Dissolved       Total   :
:------------------------:------------------------------------------:----------------:------------------------------------------:
:Currently   in place    :      15831428             0      15831428:     23930186   :             0      22077777      22077777:
:------------------------:------------------------------------------:----------------:------------------------------------------:
:Originally  in place    :      16084601             0      16084601:     23614487   :             0      22429989      22429989:
:========================:==========================================:================:==========================================:

                                                  ===================================================
                                                  :        FIPNUM report region   1                 :
                                                  :      PAV  =       3704.38  PSIA                 :
                                                  :      PORV =      41548942   RB                  :
                         :--------------- Oil    STB ---------------:-- Wat    STB --:--------------- Gas   MSCF ---------------:
                         :      Liquid        Vapour        Total   :      Total     :      Free        Dissolved       Total   :
:------------------------:------------------------------------------:----------------:------------------------------------------:
:Currently   in place    :      15831428             0      15831428:     23930186   :             0      22077777      22077777:
:------------------------:------------------------------------------:----------------:------------------------------------------:
:Originally  in place    :      16084601             0      16084601:     23614487   :             0      22429989      22429989:
:========================:==========================================:================:==========================================:

Fully implicit solver took: 0.050754 seconds. Total solver time taken: 0.050754 seconds.
Warning: Writing bubble points and dew points (PBPD) to file is unsupported, as the simulator does not use these internally.
Warning: Keyword 'AQUCT' is unhandled for output to file.
Warning: Keyword 'BASIC' is unhandled for output to file.
Warning: Keyword 'CPU' is unhandled for output to file.
Warning: Keyword 'DENG' is unhandled for output to file.
Warning: Keyword 'DENO' is unhandled for output to file.
Warning: Keyword 'DENW' is unhandled for output to file.
Warning: Keyword 'DRAIN' is unhandled for output to file.
Warning: Keyword 'FIP' is unhandled for output to file.
Warning: Keyword 'FLOWS' is unhandled for output to file.
Warning: Keyword 'FREQ' is unhandled for output to file.
Warning: Keyword 'GASCONC' is unhandled for output to file.
Warning: Keyword 'MULT' is unhandled for output to file.
Warning: Keyword 'NEWTON' is unhandled for output to file.
Warning: Keyword 'PB' is unhandled for output to file.
Warning: Keyword 'PD' is unhandled for output to file.
Warning: Keyword 'PGAS' is unhandled for output to file.
Warning: Keyword 'PGASD' is unhandled for output to file.
Warning: Keyword 'POILD' is unhandled for output to file.
Warning: Keyword 'PORO' is unhandled for output to file.
Warning: Keyword 'POT' is unhandled for output to file.
Warning: Keyword 'PRES' is unhandled for output to file.
Warning: Keyword 'PWAT' is unhandled for output to file.
Warning: Keyword 'PWATD' is unhandled for output to file.
Warning: Keyword 'RESTART' is unhandled for output to file.
Warning: Keyword 'RS' is unhandled for output to file.
Warning: Keyword 'RV' is unhandled for output to file.
Warning: Keyword 'SGAS' is unhandled for output to file.
Warning: Keyword 'SOIL' is unhandled for output to file.
Warning: Keyword 'SUMMARY' is unhandled for output to file.
Warning: Keyword 'SWAT' is unhandled for output to file.
Warning: Keyword 'VGAS' is unhandled for output to file.
Warning: Keyword 'VOIL' is unhandled for output to file.
Warning: Keyword 'VWAT' is unhandled for output to file.
Warning: Keyword 'WELLS' is unhandled for output to file.
Warning: Keyword 'WELSPECS' is unhandled for output to file.


---------------    Simulation step number 1    ---------------
      Current time (days)     100
      Current stepsize (days) 100
      Total time (days)       1500



Time step    1 at day 100/1500, date = 11-Apr-2017

Adaptive time step (0), stepsize 100 days.
Iter  W-FLUX(W)  W-FLUX(O)  W-FLUX(G)
   0  1.158e-09  4.025e-09  3.188e-09
well converged iter: 0
Iter   MB(Wat)    MB(Oil)    MB(Gas)     CNV(W)     CNV(O)     CNV(G)   W-FLUX(W)  W-FLUX(O)  W-FLUX(G)
   0  6.486e-03  6.411e-03  5.079e-03  1.164e-01  1.164e-01  9.236e-02  1.158e-09  4.025e-09  3.188e-09
   1  1.899e-04  7.358e-04  5.836e-04  6.767e-02  2.466e+00  1.955e+00  1.582e-04  5.500e-04  4.360e-04
   2  2.464e-05  2.998e-05  2.376e-05  3.187e-02  1.663e-01  1.320e-01  1.494e-06  5.213e-06  4.142e-06
 Oscillating behavior detected: Relaxation set to 0.900000
   3  9.352e-06  1.348e-05  1.069e-05  3.235e-03  2.158e-02  1.712e-02  1.454e-07  5.075e-07  4.033e-07
   4  9.332e-07  1.386e-06  1.099e-06  3.265e-04  2.241e-03  1.778e-03  1.431e-08  4.992e-08  3.968e-08
Overall linear iterations used: 16
non-linear iterations = 4, total linear iterations = 16
Sub steps started at time = 100 (days)
 step[ 0 ] = 100 (days)
sub steps end time = 200 (days)
Suggested next step size = 300 (days)

                                                  ===================================================
                                                  :                   Field Totals                  :
                                                  :      PAV  =       255.446  PSIA                 :
                                                  :      PORV =       6605754   RB                  :
                                                  : Pressure is weighted by hydrocarbon pore voulme :
                                                  : Pore volumes are taken at reference conditions  :
                         :--------------- Oil    STB ---------------:-- Wat    STB --:--------------- Gas   MSCF ---------------:
                         :      Liquid        Vapour        Total   :      Total     :      Free        Dissolved       Total   :
:------------------------:------------------------------------------:----------------:------------------------------------------:
:Currently   in place    :      15642455             0      15642455:     24139347   :             0      21814783      21814783:
:------------------------:------------------------------------------:----------------:------------------------------------------:
:Originally  in place    :      16084601             0      16084601:     23614487   :             0      22429989      22429989:
:========================:==========================================:================:==========================================:

                                                  ===================================================
                                                  :        FIPNUM report region   1                 :
                                                  :      PAV  =       3704.93  PSIA                 :
                                                  :      PORV =      41548942   RB                  :
                         :--------------- Oil    STB ---------------:-- Wat    STB --:--------------- Gas   MSCF ---------------:
                         :      Liquid        Vapour        Total   :      Total     :      Free        Dissolved       Total   :
:------------------------:------------------------------------------:----------------:------------------------------------------:
:Currently   in place    :      15642455             0      15642455:     24139347   :             0      21814783      21814783:
:------------------------:------------------------------------------:----------------:------------------------------------------:
:Originally  in place    :      16084601             0      16084601:     23614487   :             0      22429989      22429989:
:========================:==========================================:================:==========================================:

Fully implicit solver took: 0.024921 seconds. Total solver time taken: 0.075675 seconds.
Warning: Writing bubble points and dew points (PBPD) to file is unsupported, as the simulator does not use these internally.
Warning: Keyword 'AQUCT' is unhandled for output to file.
Warning: Keyword 'BASIC' is unhandled for output to file.
Warning: Keyword 'CPU' is unhandled for output to file.
Warning: Keyword 'DENG' is unhandled for output to file.
Warning: Keyword 'DENO' is unhandled for output to file.
Warning: Keyword 'DENW' is unhandled for output to file.
Warning: Keyword 'DRAIN' is unhandled for output to file.
Warning: Keyword 'FIP' is unhandled for output to file.
Warning: Keyword 'FLOWS' is unhandled for output to file.
Warning: Keyword 'FREQ' is unhandled for output to file.
Warning: Keyword 'GASCONC' is unhandled for output to file.
Warning: Keyword 'MULT' is unhandled for output to file.
Warning: Keyword 'NEWTON' is unhandled for output to file.
Warning: Keyword 'PB' is unhandled for output to file.
Warning: Keyword 'PD' is unhandled for output to file.
Warning: Keyword 'PGAS' is unhandled for output to file.
Warning: Keyword 'PGASD' is unhandled for output to file.
Warning: Keyword 'POILD' is unhandled for output to file.
Warning: Keyword 'PORO' is unhandled for output to file.
Warning: Keyword 'POT' is unhandled for output to file.
Warning: Keyword 'PRES' is unhandled for output to file.
Warning: Keyword 'PWAT' is unhandled for output to file.
Warning: Keyword 'PWATD' is unhandled for output to file.
Warning: Keyword 'RESTART' is unhandled for output to file.
Warning: Keyword 'RS' is unhandled for output to file.
Warning: Keyword 'RV' is unhandled for output to file.
Warning: Keyword 'SGAS' is unhandled for output to file.
Warning: Keyword 'SOIL' is unhandled for output to file.
Warning: Keyword 'SUMMARY' is unhandled for output to file.
Warning: Keyword 'SWAT' is unhandled for output to file.
Warning: Keyword 'VGAS' is unhandled for output to file.
Warning: Keyword 'VOIL' is unhandled for output to file.
Warning: Keyword 'VWAT' is unhandled for output to file.
Warning: Keyword 'WELLS' is unhandled for output to file.
Warning: Keyword 'WELSPECS' is unhandled for output to file.


---------------    Simulation step number 2    ---------------
      Current time (days)     200
      Current stepsize (days) 100
      Total time (days)       1500



Time step    2 at day 200/1500, date = 20-Jul-2017

Adaptive time step (0), stepsize 100 days.
Iter  W-FLUX(W)  W-FLUX(O)  W-FLUX(G)
   0  1.431e-08  4.992e-08  3.968e-08
well converged iter: 0
Iter   MB(Wat)    MB(Oil)    MB(Gas)     CNV(W)     CNV(O)     CNV(G)   W-FLUX(W)  W-FLUX(O)  W-FLUX(G)
   0  5.051e-03  5.049e-03  4.001e-03  7.141e-02  7.145e-02  5.671e-02  1.431e-08  4.992e-08  3.968e-08
   1  5.960e-05  2.472e-04  1.962e-04  2.440e-02  1.857e-01  1.471e-01  5.619e-05  1.651e-04  1.309e-04
   2  1.638e-05  6.414e-05  5.083e-05  8.418e-03  2.816e-01  2.232e-01  2.470e-06  6.653e-05  5.273e-05
   3  3.297e-07  2.572e-06  2.039e-06  7.620e-04  2.612e-03  2.070e-03  1.733e-07  6.028e-07  4.778e-07
Overall linear iterations used: 11
non-linear iterations = 3, total linear iterations = 11
Sub steps started at time = 200 (days)
 step[ 0 ] = 100 (days)
sub steps end time = 300 (days)
Suggested next step size = 300 (days)

                                                  ===================================================
                                                  :                   Field Totals                  :
                                                  :      PAV  =       255.471  PSIA                 :
                                                  :      PORV =       6605754   RB                  :
                                                  : Pressure is weighted by hydrocarbon pore voulme :
                                                  : Pore volumes are taken at reference conditions  :
                         :--------------- Oil    STB ---------------:-- Wat    STB --:--------------- Gas   MSCF ---------------:
                         :      Liquid        Vapour        Total   :      Total     :      Free        Dissolved       Total   :
:------------------------:------------------------------------------:----------------:------------------------------------------:
:Currently   in place    :      15490158             0      15490158:     24307880   :             0      21602802      21602802:
:------------------------:------------------------------------------:----------------:------------------------------------------:
:Originally  in place    :      16084601             0      16084601:     23614487   :             0      22429989      22429989:
:========================:==========================================:================:==========================================:

                                                  ===================================================
                                                  :        FIPNUM report region   1                 :
                                                  :      PAV  =        3705.3  PSIA                 :
                                                  :      PORV =      41548942   RB                  :
                         :--------------- Oil    STB ---------------:-- Wat    STB --:--------------- Gas   MSCF ---------------:
                         :      Liquid        Vapour        Total   :      Total     :      Free        Dissolved       Total   :
:------------------------:------------------------------------------:----------------:------------------------------------------:
:Currently   in place    :      15490158             0      15490158:     24307880   :             0      21602802      21602802:
:------------------------:------------------------------------------:----------------:------------------------------------------:
:Originally  in place    :      16084601             0      16084601:     23614487   :             0      22429989      22429989:
:========================:==========================================:================:==========================================:

Fully implicit solver took: 0.019663 seconds. Total solver time taken: 0.095338 seconds.
Warning: Writing bubble points and dew points (PBPD) to file is unsupported, as the simulator does not use these internally.
Warning: Keyword 'AQUCT' is unhandled for output to file.
Warning: Keyword 'BASIC' is unhandled for output to file.
Warning: Keyword 'CPU' is unhandled for output to file.
Warning: Keyword 'DENG' is unhandled for output to file.
Warning: Keyword 'DENO' is unhandled for output to file.
Warning: Keyword 'DENW' is unhandled for output to file.
Warning: Keyword 'DRAIN' is unhandled for output to file.
Warning: Keyword 'FIP' is unhandled for output to file.
Warning: Keyword 'FLOWS' is unhandled for output to file.
Warning: Keyword 'FREQ' is unhandled for output to file.
Warning: Keyword 'GASCONC' is unhandled for output to file.
Warning: Keyword 'MULT' is unhandled for output to file.
Warning: Keyword 'NEWTON' is unhandled for output to file.
Warning: Keyword 'PB' is unhandled for output to file.
Warning: Keyword 'PD' is unhandled for output to file.
Warning: Keyword 'PGAS' is unhandled for output to file.
Warning: Keyword 'PGASD' is unhandled for output to file.
Warning: Keyword 'POILD' is unhandled for output to file.
Warning: Keyword 'PORO' is unhandled for output to file.
Warning: Keyword 'POT' is unhandled for output to file.
Warning: Keyword 'PRES' is unhandled for output to file.
Warning: Keyword 'PWAT' is unhandled for output to file.
Warning: Keyword 'PWATD' is unhandled for output to file.
Warning: Keyword 'RESTART' is unhandled for output to file.
Warning: Keyword 'RS' is unhandled for output to file.
Warning: Keyword 'RV' is unhandled for output to file.
Warning: Keyword 'SGAS' is unhandled for output to file.
Warning: Keyword 'SOIL' is unhandled for output to file.
Warning: Keyword 'SUMMARY' is unhandled for output to file.
Warning: Keyword 'SWAT' is unhandled for output to file.
Warning: Keyword 'VGAS' is unhandled for output to file.
Warning: Keyword 'VOIL' is unhandled for output to file.
Warning: Keyword 'VWAT' is unhandled for output to file.
Warning: Keyword 'WELLS' is unhandled for output to file.
Warning: Keyword 'WELSPECS' is unhandled for output to file.


---------------    Simulation step number 3    ---------------
      Current time (days)     300
      Current stepsize (days) 100
      Total time (days)       1500



Time step    3 at day 300/1500, date = 28-Oct-2017

Adaptive time step (0), stepsize 100 days.
Iter  W-FLUX(W)  W-FLUX(O)  W-FLUX(G)
   0  1.733e-07  6.028e-07  4.778e-07
well converged iter: 0
Iter   MB(Wat)    MB(Oil)    MB(Gas)     CNV(W)     CNV(O)     CNV(G)   W-FLUX(W)  W-FLUX(O)  W-FLUX(G)
   0  4.068e-03  4.073e-03  3.227e-03  4.668e-02  4.672e-02  3.702e-02  1.733e-07  6.028e-07  4.778e-07
   1  2.430e-05  1.426e-04  1.129e-04  3.022e-02  6.550e-01  5.192e-01  2.847e-05  1.278e-04  1.012e-04
   2  2.370e-05  1.353e-05  1.073e-05  2.768e-02  1.751e-02  1.388e-02  6.446e-06  3.926e-06  3.112e-06
   3  7.241e-07  4.172e-07  4.266e-07  2.041e-05  5.356e-05  3.523e-04  1.106e-09  1.631e-08  7.431e-08
Overall linear iterations used: 10
non-linear iterations = 3, total linear iterations = 10
Sub steps started at time = 300 (days)
 step[ 0 ] = 100 (days)
sub steps end time = 400 (days)
Suggested next step size = 300 (days)

                                                  ===================================================
                                                  :                   Field Totals                  :
                                                  :      PAV  =       255.487  PSIA                 :
                                                  :      PORV =       6605754   RB                  :
                                                  : Pressure is weighted by hydrocarbon pore voulme :
                                                  : Pore volumes are taken at reference conditions  :
                         :--------------- Oil    STB ---------------:-- Wat    STB --:--------------- Gas   MSCF ---------------:
                         :      Liquid        Vapour        Total   :      Total     :      Free        Dissolved       Total   :
:------------------------:------------------------------------------:----------------:------------------------------------------:
:Currently   in place    :      15362627             0      15362627:     24448982   :             0      21425280      21425280:
:------------------------:------------------------------------------:----------------:------------------------------------------:
:Originally  in place    :      16084601             0      16084601:     23614487   :             0      22429989      22429989:
:========================:==========================================:================:==========================================:

                                                  ===================================================
                                                  :        FIPNUM report region   1                 :
                                                  :      PAV  =       3705.53  PSIA                 :
                                                  :      PORV =      41548942   RB                  :
                         :--------------- Oil    STB ---------------:-- Wat    STB --:--------------- Gas   MSCF ---------------:
                         :      Liquid        Vapour        Total   :      Total     :      Free        Dissolved       Total   :
:------------------------:------------------------------------------:----------------:------------------------------------------:
:Currently   in place    :      15362627             0      15362627:     24448982   :             0      21425280      21425280:
:------------------------:------------------------------------------:----------------:------------------------------------------:
:Originally  in place    :      16084601             0      16084601:     23614487   :             0      22429989      22429989:
:========================:==========================================:================:==========================================:

Fully implicit solver took: 0.019323 seconds. Total solver time taken: 0.114661 seconds.
Warning: Writing bubble points and dew points (PBPD) to file is unsupported, as the simulator does not use these internally.
Warning: Keyword 'AQUCT' is unhandled for output to file.
Warning: Keyword 'BASIC' is unhandled for output to file.
Warning: Keyword 'CPU' is unhandled for output to file.
Warning: Keyword 'DENG' is unhandled for output to file.
Warning: Keyword 'DENO' is unhandled for output to file.
Warning: Keyword 'DENW' is unhandled for output to file.
Warning: Keyword 'DRAIN' is unhandled for output to file.
Warning: Keyword 'FIP' is unhandled for output to file.
Warning: Keyword 'FLOWS' is unhandled for output to file.
Warning: Keyword 'FREQ' is unhandled for output to file.
Warning: Keyword 'GASCONC' is unhandled for output to file.
Warning: Keyword 'MULT' is unhandled for output to file.
Warning: Keyword 'NEWTON' is unhandled for output to file.
Warning: Keyword 'PB' is unhandled for output to file.
Warning: Keyword 'PD' is unhandled for output to file.
Warning: Keyword 'PGAS' is unhandled for output to file.
Warning: Keyword 'PGASD' is unhandled for output to file.
Warning: Keyword 'POILD' is unhandled for output to file.
Warning: Keyword 'PORO' is unhandled for output to file.
Warning: Keyword 'POT' is unhandled for output to file.
Warning: Keyword 'PRES' is unhandled for output to file.
Warning: Keyword 'PWAT' is unhandled for output to file.
Warning: Keyword 'PWATD' is unhandled for output to file.
Warning: Keyword 'RESTART' is unhandled for output to file.
Warning: Keyword 'RS' is unhandled for output to file.
Warning: Keyword 'RV' is unhandled for output to file.
Warning: Keyword 'SGAS' is unhandled for output to file.
Warning: Keyword 'SOIL' is unhandled for output to file.
Warning: Keyword 'SUMMARY' is unhandled for output to file.
Warning: Keyword 'SWAT' is unhandled for output to file.
Warning: Keyword 'VGAS' is unhandled for output to file.
Warning: Keyword 'VOIL' is unhandled for output to file.
Warning: Keyword 'VWAT' is unhandled for output to file.
Warning: Keyword 'WELLS' is unhandled for output to file.
Warning: Keyword 'WELSPECS' is unhandled for output to file.


---------------    Simulation step number 4    ---------------
      Current time (days)     400
      Current stepsize (days) 100
      Total time (days)       1500



Time step    4 at day 400/1500, date = 05-Feb-2018

Adaptive time step (0), stepsize 100 days.
Iter  W-FLUX(W)  W-FLUX(O)  W-FLUX(G)
   0  1.106e-09  1.631e-08  7.431e-08
well converged iter: 0
Iter   MB(Wat)    MB(Oil)    MB(Gas)     CNV(W)     CNV(O)     CNV(G)   W-FLUX(W)  W-FLUX(O)  W-FLUX(G)
   0  3.407e-03  3.408e-03  2.701e-03  3.474e-02  3.477e-02  2.755e-02  1.106e-09  1.631e-08  7.431e-08
   1  1.451e-05  9.174e-06  7.254e-06  2.607e-02  9.237e-02  7.321e-02  1.088e-06  2.337e-05  1.856e-05
   2  1.327e-06  3.673e-06  2.912e-06  3.653e-04  3.141e-04  2.492e-04  8.081e-08  5.118e-08  4.109e-08
Overall linear iterations used: 7
non-linear iterations = 2, total linear iterations = 7
Sub steps started at time = 400 (days)
 step[ 0 ] = 100 (days)
sub steps end time = 500 (days)
Suggested next step size = 300 (days)

                                                  ===================================================
                                                  :                   Field Totals                  :
                                                  :      PAV  =       255.498  PSIA                 :
                                                  :      PORV =       6605754   RB                  :
                                                  : Pressure is weighted by hydrocarbon pore voulme :
                                                  : Pore volumes are taken at reference conditions  :
                         :--------------- Oil    STB ---------------:-- Wat    STB --:--------------- Gas   MSCF ---------------:
                         :      Liquid        Vapour        Total   :      Total     :      Free        Dissolved       Total   :
:------------------------:------------------------------------------:----------------:------------------------------------------:
:Currently   in place    :      15252278             0      15252278:     24571043   :            30      21271665      21271695:
:------------------------:------------------------------------------:----------------:------------------------------------------:
:Originally  in place    :      16084601             0      16084601:     23614487   :             0      22429989      22429989:
:========================:==========================================:================:==========================================:

                                                  ===================================================
                                                  :        FIPNUM report region   1                 :
                                                  :      PAV  =       3705.69  PSIA                 :
                                                  :      PORV =      41548942   RB                  :
                         :--------------- Oil    STB ---------------:-- Wat    STB --:--------------- Gas   MSCF ---------------:
                         :      Liquid        Vapour        Total   :      Total     :      Free        Dissolved       Total   :
:------------------------:------------------------------------------:----------------:------------------------------------------:
:Currently   in place    :      15252278             0      15252278:     24571043   :            30      21271665      21271695:
:------------------------:------------------------------------------:----------------:------------------------------------------:
:Originally  in place    :      16084601             0      16084601:     23614487   :             0      22429989      22429989:
:========================:==========================================:================:==========================================:

Fully implicit solver took: 0.014434 seconds. Total solver time taken: 0.129095 seconds.
Warning: Writing bubble points and dew points (PBPD) to file is unsupported, as the simulator does not use these internally.
Warning: Keyword 'AQUCT' is unhandled for output to file.
Warning: Keyword 'BASIC' is unhandled for output to file.
Warning: Keyword 'CPU' is unhandled for output to file.
Warning: Keyword 'DENG' is unhandled for output to file.
Warning: Keyword 'DENO' is unhandled for output to file.
Warning: Keyword 'DENW' is unhandled for output to file.
Warning: Keyword 'DRAIN' is unhandled for output to file.
Warning: Keyword 'FIP' is unhandled for output to file.
Warning: Keyword 'FLOWS' is unhandled for output to file.
Warning: Keyword 'FREQ' is unhandled for output to file.
Warning: Keyword 'GASCONC' is unhandled for output to file.
Warning: Keyword 'MULT' is unhandled for output to file.
Warning: Keyword 'NEWTON' is unhandled for output to file.
Warning: Keyword 'PB' is unhandled for output to file.
Warning: Keyword 'PD' is unhandled for output to file.
Warning: Keyword 'PGAS' is unhandled for output to file.
Warning: Keyword 'PGASD' is unhandled for output to file.
Warning: Keyword 'POILD' is unhandled for output to file.
Warning: Keyword 'PORO' is unhandled for output to file.
Warning: Keyword 'POT' is unhandled for output to file.
Warning: Keyword 'PRES' is unhandled for output to file.
Warning: Keyword 'PWAT' is unhandled for output to file.
Warning: Keyword 'PWATD' is unhandled for output to file.
Warning: Keyword 'RESTART' is unhandled for output to file.
Warning: Keyword 'RS' is unhandled for output to file.
Warning: Keyword 'RV' is unhandled for output to file.
Warning: Keyword 'SGAS' is unhandled for output to file.
Warning: Keyword 'SOIL' is unhandled for output to file.
Warning: Keyword 'SUMMARY' is unhandled for output to file.
Warning: Keyword 'SWAT' is unhandled for output to file.
Warning: Keyword 'VGAS' is unhandled for output to file.
Warning: Keyword 'VOIL' is unhandled for output to file.
Warning: Keyword 'VWAT' is unhandled for output to file.
Warning: Keyword 'WELLS' is unhandled for output to file.
Warning: Keyword 'WELSPECS' is unhandled for output to file.


---------------    Simulation step number 5    ---------------
      Current time (days)     500
      Current stepsize (days) 100
      Total time (days)       1500



Time step    5 at day 500/1500, date = 16-May-2018

Adaptive time step (0), stepsize 100 days.
Iter  W-FLUX(W)  W-FLUX(O)  W-FLUX(G)
   0  8.081e-08  5.118e-08  4.109e-08
well converged iter: 0
Iter   MB(Wat)    MB(Oil)    MB(Gas)     CNV(W)     CNV(O)     CNV(G)   W-FLUX(W)  W-FLUX(O)  W-FLUX(G)
   0  2.948e-03  2.945e-03  2.334e-03  2.727e-02  2.736e-02  2.167e-02  8.081e-08  5.118e-08  4.109e-08
   1  1.706e-05  1.261e-05  1.005e-05  1.915e-02  1.972e-02  1.563e-02  6.025e-06  4.062e-06  3.217e-06
   2  2.397e-06  2.031e-06  1.610e-06  1.025e-04  9.227e-05  7.316e-05  2.317e-10  6.154e-11  4.670e-11
Overall linear iterations used: 8
non-linear iterations = 2, total linear iterations = 8
Sub steps started at time = 500 (days)
 step[ 0 ] = 100 (days)
sub steps end time = 600 (days)
Suggested next step size = 300 (days)

                                                  ===================================================
                                                  :                   Field Totals                  :
                                                  :      PAV  =       255.507  PSIA                 :
                                                  :      PORV =       6605754   RB                  :
                                                  : Pressure is weighted by hydrocarbon pore voulme :
                                                  : Pore volumes are taken at reference conditions  :
                         :--------------- Oil    STB ---------------:-- Wat    STB --:--------------- Gas   MSCF ---------------:
                         :      Liquid        Vapour        Total   :      Total     :      Free        Dissolved       Total   :
:------------------------:------------------------------------------:----------------:------------------------------------------:
:Currently   in place    :      15153983             0      15153983:     24679764   :            53      21134832      21134885:
:------------------------:------------------------------------------:----------------:------------------------------------------:
:Originally  in place    :      16084601             0      16084601:     23614487   :             0      22429989      22429989:
:========================:==========================================:================:==========================================:

                                                  ===================================================
                                                  :        FIPNUM report region   1                 :
                                                  :      PAV  =       3705.81  PSIA                 :
                                                  :      PORV =      41548942   RB                  :
                         :--------------- Oil    STB ---------------:-- Wat    STB --:--------------- Gas   MSCF ---------------:
                         :      Liquid        Vapour        Total   :      Total     :      Free        Dissolved       Total   :
:------------------------:------------------------------------------:----------------:------------------------------------------:
:Currently   in place    :      15153983             0      15153983:     24679764   :            53      21134832      21134885:
:------------------------:------------------------------------------:----------------:------------------------------------------:
:Originally  in place    :      16084601             0      16084601:     23614487   :             0      22429989      22429989:
:========================:==========================================:================:==========================================:

Fully implicit solver took: 0.014407 seconds. Total solver time taken: 0.143502 seconds.
Warning: Writing bubble points and dew points (PBPD) to file is unsupported, as the simulator does not use these internally.
Warning: Keyword 'AQUCT' is unhandled for output to file.
Warning: Keyword 'BASIC' is unhandled for output to file.
Warning: Keyword 'CPU' is unhandled for output to file.
Warning: Keyword 'DENG' is unhandled for output to file.
Warning: Keyword 'DENO' is unhandled for output to file.
Warning: Keyword 'DENW' is unhandled for output to file.
Warning: Keyword 'DRAIN' is unhandled for output to file.
Warning: Keyword 'FIP' is unhandled for output to file.
Warning: Keyword 'FLOWS' is unhandled for output to file.
Warning: Keyword 'FREQ' is unhandled for output to file.
Warning: Keyword 'GASCONC' is unhandled for output to file.
Warning: Keyword 'MULT' is unhandled for output to file.
Warning: Keyword 'NEWTON' is unhandled for output to file.
Warning: Keyword 'PB' is unhandled for output to file.
Warning: Keyword 'PD' is unhandled for output to file.
Warning: Keyword 'PGAS' is unhandled for output to file.
Warning: Keyword 'PGASD' is unhandled for output to file.
Warning: Keyword 'POILD' is unhandled for output to file.
Warning: Keyword 'PORO' is unhandled for output to file.
Warning: Keyword 'POT' is unhandled for output to file.
Warning: Keyword 'PRES' is unhandled for output to file.
Warning: Keyword 'PWAT' is unhandled for output to file.
Warning: Keyword 'PWATD' is unhandled for output to file.
Warning: Keyword 'RESTART' is unhandled for output to file.
Warning: Keyword 'RS' is unhandled for output to file.
Warning: Keyword 'RV' is unhandled for output to file.
Warning: Keyword 'SGAS' is unhandled for output to file.
Warning: Keyword 'SOIL' is unhandled for output to file.
Warning: Keyword 'SUMMARY' is unhandled for output to file.
Warning: Keyword 'SWAT' is unhandled for output to file.
Warning: Keyword 'VGAS' is unhandled for output to file.
Warning: Keyword 'VOIL' is unhandled for output to file.
Warning: Keyword 'VWAT' is unhandled for output to file.
Warning: Keyword 'WELLS' is unhandled for output to file.
Warning: Keyword 'WELSPECS' is unhandled for output to file.


---------------    Simulation step number 6    ---------------
      Current time (days)     600
      Current stepsize (days) 100
      Total time (days)       1500



Time step    6 at day 600/1500, date = 24-Aug-2018

Adaptive time step (0), stepsize 100 days.
Iter  W-FLUX(W)  W-FLUX(O)  W-FLUX(G)
   0  2.317e-10  6.154e-11  4.670e-11
well converged iter: 0
Iter   MB(Wat)    MB(Oil)    MB(Gas)     CNV(W)     CNV(O)     CNV(G)   W-FLUX(W)  W-FLUX(O)  W-FLUX(G)
   0  2.627e-03  2.625e-03  2.080e-03  2.418e-02  2.420e-02  1.918e-02  2.317e-10  6.154e-11  4.670e-11
   1  1.239e-05  9.797e-06  7.807e-06  1.873e-02  1.603e-01  1.270e-01  3.668e-06  2.477e-06  1.961e-06
   2  5.301e-06  5.794e-06  4.605e-06  2.408e-03  1.551e-03  1.264e-03  3.726e-08  2.161e-08  1.032e-08
Overall linear iterations used: 7
non-linear iterations = 2, total linear iterations = 7
Sub steps started at time = 600 (days)
 step[ 0 ] = 100 (days)
sub steps end time = 700 (days)
Suggested next step size = 300 (days)

                                                  ===================================================
                                                  :                   Field Totals                  :
                                                  :      PAV  =       255.512  PSIA                 :
                                                  :      PORV =       6605754   RB                  :
                                                  : Pressure is weighted by hydrocarbon pore voulme :
                                                  : Pore volumes are taken at reference conditions  :
                         :--------------- Oil    STB ---------------:-- Wat    STB --:--------------- Gas   MSCF ---------------:
                         :      Liquid        Vapour        Total   :      Total     :      Free        Dissolved       Total   :
:------------------------:------------------------------------------:----------------:------------------------------------------:
:Currently   in place    :      15064569             0      15064569:     24778649   :            73      21010361      21010433:
:------------------------:------------------------------------------:----------------:------------------------------------------:
:Originally  in place    :      16084601             0      16084601:     23614487   :             0      22429989      22429989:
:========================:==========================================:================:==========================================:

                                                  ===================================================
                                                  :        FIPNUM report region   1                 :
                                                  :      PAV  =       3705.89  PSIA                 :
                                                  :      PORV =      41548942   RB                  :
                         :--------------- Oil    STB ---------------:-- Wat    STB --:--------------- Gas   MSCF ---------------:
                         :      Liquid        Vapour        Total   :      Total     :      Free        Dissolved       Total   :
:------------------------:------------------------------------------:----------------:------------------------------------------:
:Currently   in place    :      15064569             0      15064569:     24778649   :            73      21010361      21010433:
:------------------------:------------------------------------------:----------------:------------------------------------------:
:Originally  in place    :      16084601             0      16084601:     23614487   :             0      22429989      22429989:
:========================:==========================================:================:==========================================:

Fully implicit solver took: 0.014463 seconds. Total solver time taken: 0.157965 seconds.
Warning: Writing bubble points and dew points (PBPD) to file is unsupported, as the simulator does not use these internally.
Warning: Keyword 'AQUCT' is unhandled for output to file.
Warning: Keyword 'BASIC' is unhandled for output to file.
Warning: Keyword 'CPU' is unhandled for output to file.
Warning: Keyword 'DENG' is unhandled for output to file.
Warning: Keyword 'DENO' is unhandled for output to file.
Warning: Keyword 'DENW' is unhandled for output to file.
Warning: Keyword 'DRAIN' is unhandled for output to file.
Warning: Keyword 'FIP' is unhandled for output to file.
Warning: Keyword 'FLOWS' is unhandled for output to file.
Warning: Keyword 'FREQ' is unhandled for output to file.
Warning: Keyword 'GASCONC' is unhandled for output to file.
Warning: Keyword 'MULT' is unhandled for output to file.
Warning: Keyword 'NEWTON' is unhandled for output to file.
Warning: Keyword 'PB' is unhandled for output to file.
Warning: Keyword 'PD' is unhandled for output to file.
Warning: Keyword 'PGAS' is unhandled for output to file.
Warning: Keyword 'PGASD' is unhandled for output to file.
Warning: Keyword 'POILD' is unhandled for output to file.
Warning: Keyword 'PORO' is unhandled for output to file.
Warning: Keyword 'POT' is unhandled for output to file.
Warning: Keyword 'PRES' is unhandled for output to file.
Warning: Keyword 'PWAT' is unhandled for output to file.
Warning: Keyword 'PWATD' is unhandled for output to file.
Warning: Keyword 'RESTART' is unhandled for output to file.
Warning: Keyword 'RS' is unhandled for output to file.
Warning: Keyword 'RV' is unhandled for output to file.
Warning: Keyword 'SGAS' is unhandled for output to file.
Warning: Keyword 'SOIL' is unhandled for output to file.
Warning: Keyword 'SUMMARY' is unhandled for output to file.
Warning: Keyword 'SWAT' is unhandled for output to file.
Warning: Keyword 'VGAS' is unhandled for output to file.
Warning: Keyword 'VOIL' is unhandled for output to file.
Warning: Keyword 'VWAT' is unhandled for output to file.
Warning: Keyword 'WELLS' is unhandled for output to file.
Warning: Keyword 'WELSPECS' is unhandled for output to file.


---------------    Simulation step number 7    ---------------
      Current time (days)     700
      Current stepsize (days) 100
      Total time (days)       1500



Time step    7 at day 700/1500, date = 02-Dec-2018

Adaptive time step (0), stepsize 100 days.
Iter  W-FLUX(W)  W-FLUX(O)  W-FLUX(G)
   0  3.726e-08  2.161e-08  1.032e-08
well converged iter: 0
Iter   MB(Wat)    MB(Oil)    MB(Gas)     CNV(W)     CNV(O)     CNV(G)   W-FLUX(W)  W-FLUX(O)  W-FLUX(G)
   0  2.393e-03  2.384e-03  1.889e-03  2.111e-02  2.105e-02  1.669e-02  3.726e-08  2.161e-08  1.032e-08
   1  1.765e-05  1.351e-05  1.075e-05  5.595e-03  5.617e-03  4.453e-03  2.283e-06  1.555e-06  1.230e-06
   2  8.001e-08  1.609e-07  1.276e-07  1.369e-05  1.874e-05  1.485e-05  3.723e-11  1.382e-11  6.215e-12
Overall linear iterations used: 7
non-linear iterations = 2, total linear iterations = 7
Sub steps started at time = 700 (days)
 step[ 0 ] = 100 (days)
sub steps end time = 800 (days)
Suggested next step size = 300 (days)

                                                  ===================================================
                                                  :                   Field Totals                  :
                                                  :      PAV  =       255.519  PSIA                 :
                                                  :      PORV =       6605754   RB                  :
                                                  : Pressure is weighted by hydrocarbon pore voulme :
                                                  : Pore volumes are taken at reference conditions  :
                         :--------------- Oil    STB ---------------:-- Wat    STB --:--------------- Gas   MSCF ---------------:
                         :      Liquid        Vapour        Total   :      Total     :      Free        Dissolved       Total   :
:------------------------:------------------------------------------:----------------:------------------------------------------:
:Currently   in place    :      14982688             0      14982688:     24869217   :            90      20896373      20896463:
:------------------------:------------------------------------------:----------------:------------------------------------------:
:Originally  in place    :      16084601             0      16084601:     23614487   :             0      22429989      22429989:
:========================:==========================================:================:==========================================:

                                                  ===================================================
                                                  :        FIPNUM report region   1                 :
                                                  :      PAV  =       3705.99  PSIA                 :
                                                  :      PORV =      41548942   RB                  :
                         :--------------- Oil    STB ---------------:-- Wat    STB --:--------------- Gas   MSCF ---------------:
                         :      Liquid        Vapour        Total   :      Total     :      Free        Dissolved       Total   :
:------------------------:------------------------------------------:----------------:------------------------------------------:
:Currently   in place    :      14982688             0      14982688:     24869217   :            90      20896373      20896463:
:------------------------:------------------------------------------:----------------:------------------------------------------:
:Originally  in place    :      16084601             0      16084601:     23614487   :             0      22429989      22429989:
:========================:==========================================:================:==========================================:

Fully implicit solver took: 0.014546 seconds. Total solver time taken: 0.172511 seconds.
Warning: Writing bubble points and dew points (PBPD) to file is unsupported, as the simulator does not use these internally.
Warning: Keyword 'AQUCT' is unhandled for output to file.
Warning: Keyword 'BASIC' is unhandled for output to file.
Warning: Keyword 'CPU' is unhandled for output to file.
Warning: Keyword 'DENG' is unhandled for output to file.
Warning: Keyword 'DENO' is unhandled for output to file.
Warning: Keyword 'DENW' is unhandled for output to file.
Warning: Keyword 'DRAIN' is unhandled for output to file.
Warning: Keyword 'FIP' is unhandled for output to file.
Warning: Keyword 'FLOWS' is unhandled for output to file.
Warning: Keyword 'FREQ' is unhandled for output to file.
Warning: Keyword 'GASCONC' is unhandled for output to file.
Warning: Keyword 'MULT' is unhandled for output to file.
Warning: Keyword 'NEWTON' is unhandled for output to file.
Warning: Keyword 'PB' is unhandled for output to file.
Warning: Keyword 'PD' is unhandled for output to file.
Warning: Keyword 'PGAS' is unhandled for output to file.
Warning: Keyword 'PGASD' is unhandled for output to file.
Warning: Keyword 'POILD' is unhandled for output to file.
Warning: Keyword 'PORO' is unhandled for output to file.
Warning: Keyword 'POT' is unhandled for output to file.
Warning: Keyword 'PRES' is unhandled for output to file.
Warning: Keyword 'PWAT' is unhandled for output to file.
Warning: Keyword 'PWATD' is unhandled for output to file.
Warning: Keyword 'RESTART' is unhandled for output to file.
Warning: Keyword 'RS' is unhandled for output to file.
Warning: Keyword 'RV' is unhandled for output to file.
Warning: Keyword 'SGAS' is unhandled for output to file.
Warning: Keyword 'SOIL' is unhandled for output to file.
Warning: Keyword 'SUMMARY' is unhandled for output to file.
Warning: Keyword 'SWAT' is unhandled for output to file.
Warning: Keyword 'VGAS' is unhandled for output to file.
Warning: Keyword 'VOIL' is unhandled for output to file.
Warning: Keyword 'VWAT' is unhandled for output to file.
Warning: Keyword 'WELLS' is unhandled for output to file.
Warning: Keyword 'WELSPECS' is unhandled for output to file.


---------------    Simulation step number 8    ---------------
      Current time (days)     800
      Current stepsize (days) 100
      Total time (days)       1500



Time step    8 at day 800/1500, date = 12-Mar-2019

Adaptive time step (0), stepsize 100 days.
Iter  W-FLUX(W)  W-FLUX(O)  W-FLUX(G)
   0  3.723e-11  1.382e-11  6.215e-12
well converged iter: 0
Iter   MB(Wat)    MB(Oil)    MB(Gas)     CNV(W)     CNV(O)     CNV(G)   W-FLUX(W)  W-FLUX(O)  W-FLUX(G)
   0  2.187e-03  2.188e-03  1.734e-03  1.801e-02  1.803e-02  1.429e-02  3.723e-11  1.382e-11  6.215e-12
   1  1.129e-05  8.312e-06  6.619e-06  6.560e-03  5.827e-02  4.617e-02  1.636e-06  1.115e-06  8.819e-07
   2  9.753e-07  1.853e-07  1.251e-07  3.142e-04  1.930e-04  1.529e-04  5.811e-09  6.677e-10  1.405e-08
Overall linear iterations used: 7
non-linear iterations = 2, total linear iterations = 7
Sub steps started at time = 800 (days)
 step[ 0 ] = 100 (days)
sub steps end time = 900 (days)
Suggested next step size = 300 (days)

                                                  ===================================================
                                                  :                   Field Totals                  :
                                                  :      PAV  =       255.523  PSIA                 :
                                                  :      PORV =       6605754   RB                  :
                                                  : Pressure is weighted by hydrocarbon pore voulme :
                                                  : Pore volumes are taken at reference conditions  :
                         :--------------- Oil    STB ---------------:-- Wat    STB --:--------------- Gas   MSCF ---------------:
                         :      Liquid        Vapour        Total   :      Total     :      Free        Dissolved       Total   :
:------------------------:------------------------------------------:----------------:------------------------------------------:
:Currently   in place    :      14906768             0      14906768:     24953183   :           102      20790684      20790786:
:------------------------:------------------------------------------:----------------:------------------------------------------:
:Originally  in place    :      16084601             0      16084601:     23614487   :             0      22429989      22429989:
:========================:==========================================:================:==========================================:

                                                  ===================================================
                                                  :        FIPNUM report region   1                 :
                                                  :      PAV  =       3706.05  PSIA                 :
                                                  :      PORV =      41548942   RB                  :
                         :--------------- Oil    STB ---------------:-- Wat    STB --:--------------- Gas   MSCF ---------------:
                         :      Liquid        Vapour        Total   :      Total     :      Free        Dissolved       Total   :
:------------------------:------------------------------------------:----------------:------------------------------------------:
:Currently   in place    :      14906768             0      14906768:     24953183   :           102      20790684      20790786:
:------------------------:------------------------------------------:----------------:------------------------------------------:
:Originally  in place    :      16084601             0      16084601:     23614487   :             0      22429989      22429989:
:========================:==========================================:================:==========================================:

Fully implicit solver took: 0.014335 seconds. Total solver time taken: 0.186846 seconds.
Warning: Writing bubble points and dew points (PBPD) to file is unsupported, as the simulator does not use these internally.
Warning: Keyword 'AQUCT' is unhandled for output to file.
Warning: Keyword 'BASIC' is unhandled for output to file.
Warning: Keyword 'CPU' is unhandled for output to file.
Warning: Keyword 'DENG' is unhandled for output to file.
Warning: Keyword 'DENO' is unhandled for output to file.
Warning: Keyword 'DENW' is unhandled for output to file.
Warning: Keyword 'DRAIN' is unhandled for output to file.
Warning: Keyword 'FIP' is unhandled for output to file.
Warning: Keyword 'FLOWS' is unhandled for output to file.
Warning: Keyword 'FREQ' is unhandled for output to file.
Warning: Keyword 'GASCONC' is unhandled for output to file.
Warning: Keyword 'MULT' is unhandled for output to file.
Warning: Keyword 'NEWTON' is unhandled for output to file.
Warning: Keyword 'PB' is unhandled for output to file.
Warning: Keyword 'PD' is unhandled for output to file.
Warning: Keyword 'PGAS' is unhandled for output to file.
Warning: Keyword 'PGASD' is unhandled for output to file.
Warning: Keyword 'POILD' is unhandled for output to file.
Warning: Keyword 'PORO' is unhandled for output to file.
Warning: Keyword 'POT' is unhandled for output to file.
Warning: Keyword 'PRES' is unhandled for output to file.
Warning: Keyword 'PWAT' is unhandled for output to file.
Warning: Keyword 'PWATD' is unhandled for output to file.
Warning: Keyword 'RESTART' is unhandled for output to file.
Warning: Keyword 'RS' is unhandled for output to file.
Warning: Keyword 'RV' is unhandled for output to file.
Warning: Keyword 'SGAS' is unhandled for output to file.
Warning: Keyword 'SOIL' is unhandled for output to file.
Warning: Keyword 'SUMMARY' is unhandled for output to file.
Warning: Keyword 'SWAT' is unhandled for output to file.
Warning: Keyword 'VGAS' is unhandled for output to file.
Warning: Keyword 'VOIL' is unhandled for output to file.
Warning: Keyword 'VWAT' is unhandled for output to file.
Warning: Keyword 'WELLS' is unhandled for output to file.
Warning: Keyword 'WELSPECS' is unhandled for output to file.


---------------    Simulation step number 9    ---------------
      Current time (days)     900
      Current stepsize (days) 100
      Total time (days)       1500



Time step    9 at day 900/1500, date = 20-Jun-2019

Adaptive time step (0), stepsize 100 days.
Iter  W-FLUX(W)  W-FLUX(O)  W-FLUX(G)
   0  5.811e-09  6.677e-10  1.405e-08
well converged iter: 0
Iter   MB(Wat)    MB(Oil)    MB(Gas)     CNV(W)     CNV(O)     CNV(G)   W-FLUX(W)  W-FLUX(O)  W-FLUX(G)
   0  2.026e-03  2.029e-03  1.608e-03  1.526e-02  1.527e-02  1.210e-02  5.811e-09  6.677e-10  1.405e-08
   1  1.308e-05  5.085e-06  4.058e-06  3.615e-03  2.603e-03  2.062e-03  1.099e-06  7.542e-07  5.951e-07
   2  7.470e-08  6.330e-07  5.018e-07  3.312e-05  2.095e-05  1.658e-05  5.807e-11  4.226e-11  3.329e-11
Overall linear iterations used: 7
non-linear iterations = 2, total linear iterations = 7
Sub steps started at time = 900 (days)
 step[ 0 ] = 100 (days)
sub steps end time = 1000 (days)
Suggested next step size = 300 (days)

                                                  ===================================================
                                                  :                   Field Totals                  :
                                                  :      PAV  =       255.527  PSIA                 :
                                                  :      PORV =       6605754   RB                  :
                                                  : Pressure is weighted by hydrocarbon pore voulme :
                                                  : Pore volumes are taken at reference conditions  :
                         :--------------- Oil    STB ---------------:-- Wat    STB --:--------------- Gas   MSCF ---------------:
                         :      Liquid        Vapour        Total   :      Total     :      Free        Dissolved       Total   :
:------------------------:------------------------------------------:----------------:------------------------------------------:
:Currently   in place    :      14835755             0      14835755:     25031720   :           113      20691824      20691937:
:------------------------:------------------------------------------:----------------:------------------------------------------:
:Originally  in place    :      16084601             0      16084601:     23614487   :             0      22429989      22429989:
:========================:==========================================:================:==========================================:

                                                  ===================================================
                                                  :        FIPNUM report region   1                 :
                                                  :      PAV  =        3706.1  PSIA                 :
                                                  :      PORV =      41548942   RB                  :
                         :--------------- Oil    STB ---------------:-- Wat    STB --:--------------- Gas   MSCF ---------------:
                         :      Liquid        Vapour        Total   :      Total     :      Free        Dissolved       Total   :
:------------------------:------------------------------------------:----------------:------------------------------------------:
:Currently   in place    :      14835755             0      14835755:     25031720   :           113      20691824      20691937:
:------------------------:------------------------------------------:----------------:------------------------------------------:
:Originally  in place    :      16084601             0      16084601:     23614487   :             0      22429989      22429989:
:========================:==========================================:================:==========================================:

Fully implicit solver took: 0.014330 seconds. Total solver time taken: 0.201176 seconds.
Warning: Writing bubble points and dew points (PBPD) to file is unsupported, as the simulator does not use these internally.
Warning: Keyword 'AQUCT' is unhandled for output to file.
Warning: Keyword 'BASIC' is unhandled for output to file.
Warning: Keyword 'CPU' is unhandled for output to file.
Warning: Keyword 'DENG' is unhandled for output to file.
Warning: Keyword 'DENO' is unhandled for output to file.
Warning: Keyword 'DENW' is unhandled for output to file.
Warning: Keyword 'DRAIN' is unhandled for output to file.
Warning: Keyword 'FIP' is unhandled for output to file.
Warning: Keyword 'FLOWS' is unhandled for output to file.
Warning: Keyword 'FREQ' is unhandled for output to file.
Warning: Keyword 'GASCONC' is unhandled for output to file.
Warning: Keyword 'MULT' is unhandled for output to file.
Warning: Keyword 'NEWTON' is unhandled for output to file.
Warning: Keyword 'PB' is unhandled for output to file.
Warning: Keyword 'PD' is unhandled for output to file.
Warning: Keyword 'PGAS' is unhandled for output to file.
Warning: Keyword 'PGASD' is unhandled for output to file.
Warning: Keyword 'POILD' is unhandled for output to file.
Warning: Keyword 'PORO' is unhandled for output to file.
Warning: Keyword 'POT' is unhandled for output to file.
Warning: Keyword 'PRES' is unhandled for output to file.
Warning: Keyword 'PWAT' is unhandled for output to file.
Warning: Keyword 'PWATD' is unhandled for output to file.
Warning: Keyword 'RESTART' is unhandled for output to file.
Warning: Keyword 'RS' is unhandled for output to file.
Warning: Keyword 'RV' is unhandled for output to file.
Warning: Keyword 'SGAS' is unhandled for output to file.
Warning: Keyword 'SOIL' is unhandled for output to file.
Warning: Keyword 'SUMMARY' is unhandled for output to file.
Warning: Keyword 'SWAT' is unhandled for output to file.
Warning: Keyword 'VGAS' is unhandled for output to file.
Warning: Keyword 'VOIL' is unhandled for output to file.
Warning: Keyword 'VWAT' is unhandled for output to file.
Warning: Keyword 'WELLS' is unhandled for output to file.
Warning: Keyword 'WELSPECS' is unhandled for output to file.


---------------    Simulation step number 10    ---------------
      Current time (days)     1000
      Current stepsize (days) 100
      Total time (days)       1500



Time step   10 at day 1000/1500, date = 28-Sep-2019

Adaptive time step (0), stepsize 100 days.
Iter  W-FLUX(W)  W-FLUX(O)  W-FLUX(G)
   0  5.807e-11  4.226e-11  3.329e-11
well converged iter: 0
Iter   MB(Wat)    MB(Oil)    MB(Gas)     CNV(W)     CNV(O)     CNV(G)   W-FLUX(W)  W-FLUX(O)  W-FLUX(G)
   0  1.896e-03  1.897e-03  1.503e-03  1.337e-02  1.338e-02  1.061e-02  5.807e-11  4.226e-11  3.329e-11
   1  1.329e-05  5.421e-06  4.320e-06  2.092e-03  5.853e-04  4.638e-04  8.437e-07  5.786e-07  4.568e-07
   2  6.214e-09  3.584e-08  2.841e-08  2.323e-06  1.803e-06  1.427e-06  8.870e-12  5.042e-12  4.189e-12
Overall linear iterations used: 9
non-linear iterations = 2, total linear iterations = 9
Sub steps started at time = 1000 (days)
 step[ 0 ] = 100 (days)
sub steps end time = 1100 (days)
Suggested next step size = 300 (days)

                                                  ===================================================
                                                  :                   Field Totals                  :
                                                  :      PAV  =        255.53  PSIA                 :
                                                  :      PORV =       6605754   RB                  :
                                                  : Pressure is weighted by hydrocarbon pore voulme :
                                                  : Pore volumes are taken at reference conditions  :
                         :--------------- Oil    STB ---------------:-- Wat    STB --:--------------- Gas   MSCF ---------------:
                         :      Liquid        Vapour        Total   :      Total     :      Free        Dissolved       Total   :
:------------------------:------------------------------------------:----------------:------------------------------------------:
:Currently   in place    :      14769065             0      14769065:     25105477   :           122      20598982      20599104:
:------------------------:------------------------------------------:----------------:------------------------------------------:
:Originally  in place    :      16084601             0      16084601:     23614487   :             0      22429989      22429989:
:========================:==========================================:================:==========================================:

                                                  ===================================================
                                                  :        FIPNUM report region   1                 :
                                                  :      PAV  =       3706.15  PSIA                 :
                                                  :      PORV =      41548942   RB                  :
                         :--------------- Oil    STB ---------------:-- Wat    STB --:--------------- Gas   MSCF ---------------:
                         :      Liquid        Vapour        Total   :      Total     :      Free        Dissolved       Total   :
:------------------------:------------------------------------------:----------------:------------------------------------------:
:Currently   in place    :      14769065             0      14769065:     25105477   :           122      20598982      20599104:
:------------------------:------------------------------------------:----------------:------------------------------------------:
:Originally  in place    :      16084601             0      16084601:     23614487   :             0      22429989      22429989:
:========================:==========================================:================:==========================================:

Fully implicit solver took: 0.014625 seconds. Total solver time taken: 0.215801 seconds.
Warning: Writing bubble points and dew points (PBPD) to file is unsupported, as the simulator does not use these internally.
Warning: Keyword 'AQUCT' is unhandled for output to file.
Warning: Keyword 'BASIC' is unhandled for output to file.
Warning: Keyword 'CPU' is unhandled for output to file.
Warning: Keyword 'DENG' is unhandled for output to file.
Warning: Keyword 'DENO' is unhandled for output to file.
Warning: Keyword 'DENW' is unhandled for output to file.
Warning: Keyword 'DRAIN' is unhandled for output to file.
Warning: Keyword 'FIP' is unhandled for output to file.
Warning: Keyword 'FLOWS' is unhandled for output to file.
Warning: Keyword 'FREQ' is unhandled for output to file.
Warning: Keyword 'GASCONC' is unhandled for output to file.
Warning: Keyword 'MULT' is unhandled for output to file.
Warning: Keyword 'NEWTON' is unhandled for output to file.
Warning: Keyword 'PB' is unhandled for output to file.
Warning: Keyword 'PD' is unhandled for output to file.
Warning: Keyword 'PGAS' is unhandled for output to file.
Warning: Keyword 'PGASD' is unhandled for output to file.
Warning: Keyword 'POILD' is unhandled for output to file.
Warning: Keyword 'PORO' is unhandled for output to file.
Warning: Keyword 'POT' is unhandled for output to file.
Warning: Keyword 'PRES' is unhandled for output to file.
Warning: Keyword 'PWAT' is unhandled for output to file.
Warning: Keyword 'PWATD' is unhandled for output to file.
Warning: Keyword 'RESTART' is unhandled for output to file.
Warning: Keyword 'RS' is unhandled for output to file.
Warning: Keyword 'RV' is unhandled for output to file.
Warning: Keyword 'SGAS' is unhandled for output to file.
Warning: Keyword 'SOIL' is unhandled for output to file.
Warning: Keyword 'SUMMARY' is unhandled for output to file.
Warning: Keyword 'SWAT' is unhandled for output to file.
Warning: Keyword 'VGAS' is unhandled for output to file.
Warning: Keyword 'VOIL' is unhandled for output to file.
Warning: Keyword 'VWAT' is unhandled for output to file.
Warning: Keyword 'WELLS' is unhandled for output to file.
Warning: Keyword 'WELSPECS' is unhandled for output to file.


---------------    Simulation step number 11    ---------------
      Current time (days)     1100
      Current stepsize (days) 100
      Total time (days)       1500



Time step   11 at day 1100/1500, date = 06-Jan-2020

Adaptive time step (0), stepsize 100 days.
Iter  W-FLUX(W)  W-FLUX(O)  W-FLUX(G)
   0  8.870e-12  5.042e-12  4.189e-12
well converged iter: 0
Iter   MB(Wat)    MB(Oil)    MB(Gas)     CNV(W)     CNV(O)     CNV(G)   W-FLUX(W)  W-FLUX(O)  W-FLUX(G)
   0  1.781e-03  1.782e-03  1.412e-03  1.224e-02  1.226e-02  9.715e-03  8.870e-12  5.042e-12  4.189e-12
   1  1.191e-05  4.553e-06  3.628e-06  2.098e-03  3.728e-03  2.953e-03  6.583e-07  4.511e-07  3.562e-07
   2  1.476e-09  1.911e-07  1.514e-07  1.841e-05  1.186e-05  9.386e-06  4.521e-10  3.060e-10  2.419e-10
Overall linear iterations used: 8
non-linear iterations = 2, total linear iterations = 8
Sub steps started at time = 1100 (days)
 step[ 0 ] = 100 (days)
sub steps end time = 1200 (days)
Suggested next step size = 300 (days)

                                                  ===================================================
                                                  :                   Field Totals                  :
                                                  :      PAV  =       255.533  PSIA                 :
                                                  :      PORV =       6605754   RB                  :
                                                  : Pressure is weighted by hydrocarbon pore voulme :
                                                  : Pore volumes are taken at reference conditions  :
                         :--------------- Oil    STB ---------------:-- Wat    STB --:--------------- Gas   MSCF ---------------:
                         :      Liquid        Vapour        Total   :      Total     :      Free        Dissolved       Total   :
:------------------------:------------------------------------------:----------------:------------------------------------------:
:Currently   in place    :      14706072             0      14706072:     25175145   :           128      20511287      20511416:
:------------------------:------------------------------------------:----------------:------------------------------------------:
:Originally  in place    :      16084601             0      16084601:     23614487   :             0      22429989      22429989:
:========================:==========================================:================:==========================================:

                                                  ===================================================
                                                  :        FIPNUM report region   1                 :
                                                  :      PAV  =       3706.19  PSIA                 :
                                                  :      PORV =      41548942   RB                  :
                         :--------------- Oil    STB ---------------:-- Wat    STB --:--------------- Gas   MSCF ---------------:
                         :      Liquid        Vapour        Total   :      Total     :      Free        Dissolved       Total   :
:------------------------:------------------------------------------:----------------:------------------------------------------:
:Currently   in place    :      14706072             0      14706072:     25175145   :           128      20511287      20511416:
:------------------------:------------------------------------------:----------------:------------------------------------------:
:Originally  in place    :      16084601             0      16084601:     23614487   :             0      22429989      22429989:
:========================:==========================================:================:==========================================:

Fully implicit solver took: 0.014667 seconds. Total solver time taken: 0.230468 seconds.
Warning: Writing bubble points and dew points (PBPD) to file is unsupported, as the simulator does not use these internally.
Warning: Keyword 'AQUCT' is unhandled for output to file.
Warning: Keyword 'BASIC' is unhandled for output to file.
Warning: Keyword 'CPU' is unhandled for output to file.
Warning: Keyword 'DENG' is unhandled for output to file.
Warning: Keyword 'DENO' is unhandled for output to file.
Warning: Keyword 'DENW' is unhandled for output to file.
Warning: Keyword 'DRAIN' is unhandled for output to file.
Warning: Keyword 'FIP' is unhandled for output to file.
Warning: Keyword 'FLOWS' is unhandled for output to file.
Warning: Keyword 'FREQ' is unhandled for output to file.
Warning: Keyword 'GASCONC' is unhandled for output to file.
Warning: Keyword 'MULT' is unhandled for output to file.
Warning: Keyword 'NEWTON' is unhandled for output to file.
Warning: Keyword 'PB' is unhandled for output to file.
Warning: Keyword 'PD' is unhandled for output to file.
Warning: Keyword 'PGAS' is unhandled for output to file.
Warning: Keyword 'PGASD' is unhandled for output to file.
Warning: Keyword 'POILD' is unhandled for output to file.
Warning: Keyword 'PORO' is unhandled for output to file.
Warning: Keyword 'POT' is unhandled for output to file.
Warning: Keyword 'PRES' is unhandled for output to file.
Warning: Keyword 'PWAT' is unhandled for output to file.
Warning: Keyword 'PWATD' is unhandled for output to file.
Warning: Keyword 'RESTART' is unhandled for output to file.
Warning: Keyword 'RS' is unhandled for output to file.
Warning: Keyword 'RV' is unhandled for output to file.
Warning: Keyword 'SGAS' is unhandled for output to file.
Warning: Keyword 'SOIL' is unhandled for output to file.
Warning: Keyword 'SUMMARY' is unhandled for output to file.
Warning: Keyword 'SWAT' is unhandled for output to file.
Warning: Keyword 'VGAS' is unhandled for output to file.
Warning: Keyword 'VOIL' is unhandled for output to file.
Warning: Keyword 'VWAT' is unhandled for output to file.
Warning: Keyword 'WELLS' is unhandled for output to file.
Warning: Keyword 'WELSPECS' is unhandled for output to file.


---------------    Simulation step number 12    ---------------
      Current time (days)     1200
      Current stepsize (days) 100
      Total time (days)       1500



Time step   12 at day 1200/1500, date = 15-Apr-2020

Adaptive time step (0), stepsize 100 days.
Iter  W-FLUX(W)  W-FLUX(O)  W-FLUX(G)
   0  4.521e-10  3.060e-10  2.419e-10
well converged iter: 0
Iter   MB(Wat)    MB(Oil)    MB(Gas)     CNV(W)     CNV(O)     CNV(G)   W-FLUX(W)  W-FLUX(O)  W-FLUX(G)
   0  1.682e-03  1.683e-03  1.334e-03  1.129e-02  1.130e-02  8.959e-03  4.521e-10  3.060e-10  2.419e-10
   1  1.136e-05  4.272e-06  3.403e-06  2.141e-03  1.066e-03  8.456e-04  4.974e-07  3.407e-07  2.690e-07
   2  1.027e-07  1.985e-07  1.573e-07  5.424e-06  9.407e-06  7.446e-06  6.620e-12  4.595e-12  3.878e-12
Overall linear iterations used: 8
non-linear iterations = 2, total linear iterations = 8
Sub steps started at time = 1200 (days)
 step[ 0 ] = 100 (days)
sub steps end time = 1300 (days)
Suggested next step size = 300 (days)

                                                  ===================================================
                                                  :                   Field Totals                  :
                                                  :      PAV  =       255.535  PSIA                 :
                                                  :      PORV =       6605754   RB                  :
                                                  : Pressure is weighted by hydrocarbon pore voulme :
                                                  : Pore volumes are taken at reference conditions  :
                         :--------------- Oil    STB ---------------:-- Wat    STB --:--------------- Gas   MSCF ---------------:
                         :      Liquid        Vapour        Total   :      Total     :      Free        Dissolved       Total   :
:------------------------:------------------------------------------:----------------:------------------------------------------:
:Currently   in place    :      14646316             0      14646316:     25241233   :           134      20428097      20428231:
:------------------------:------------------------------------------:----------------:------------------------------------------:
:Originally  in place    :      16084601             0      16084601:     23614487   :             0      22429989      22429989:
:========================:==========================================:================:==========================================:

                                                  ===================================================
                                                  :        FIPNUM report region   1                 :
                                                  :      PAV  =       3706.22  PSIA                 :
                                                  :      PORV =      41548942   RB                  :
                         :--------------- Oil    STB ---------------:-- Wat    STB --:--------------- Gas   MSCF ---------------:
                         :      Liquid        Vapour        Total   :      Total     :      Free        Dissolved       Total   :
:------------------------:------------------------------------------:----------------:------------------------------------------:
:Currently   in place    :      14646316             0      14646316:     25241233   :           134      20428097      20428231:
:------------------------:------------------------------------------:----------------:------------------------------------------:
:Originally  in place    :      16084601             0      16084601:     23614487   :             0      22429989      22429989:
:========================:==========================================:================:==========================================:

Fully implicit solver took: 0.014471 seconds. Total solver time taken: 0.244939 seconds.
Warning: Writing bubble points and dew points (PBPD) to file is unsupported, as the simulator does not use these internally.
Warning: Keyword 'AQUCT' is unhandled for output to file.
Warning: Keyword 'BASIC' is unhandled for output to file.
Warning: Keyword 'CPU' is unhandled for output to file.
Warning: Keyword 'DENG' is unhandled for output to file.
Warning: Keyword 'DENO' is unhandled for output to file.
Warning: Keyword 'DENW' is unhandled for output to file.
Warning: Keyword 'DRAIN' is unhandled for output to file.
Warning: Keyword 'FIP' is unhandled for output to file.
Warning: Keyword 'FLOWS' is unhandled for output to file.
Warning: Keyword 'FREQ' is unhandled for output to file.
Warning: Keyword 'GASCONC' is unhandled for output to file.
Warning: Keyword 'MULT' is unhandled for output to file.
Warning: Keyword 'NEWTON' is unhandled for output to file.
Warning: Keyword 'PB' is unhandled for output to file.
Warning: Keyword 'PD' is unhandled for output to file.
Warning: Keyword 'PGAS' is unhandled for output to file.
Warning: Keyword 'PGASD' is unhandled for output to file.
Warning: Keyword 'POILD' is unhandled for output to file.
Warning: Keyword 'PORO' is unhandled for output to file.
Warning: Keyword 'POT' is unhandled for output to file.
Warning: Keyword 'PRES' is unhandled for output to file.
Warning: Keyword 'PWAT' is unhandled for output to file.
Warning: Keyword 'PWATD' is unhandled for output to file.
Warning: Keyword 'RESTART' is unhandled for output to file.
Warning: Keyword 'RS' is unhandled for output to file.
Warning: Keyword 'RV' is unhandled for output to file.
Warning: Keyword 'SGAS' is unhandled for output to file.
Warning: Keyword 'SOIL' is unhandled for output to file.
Warning: Keyword 'SUMMARY' is unhandled for output to file.
Warning: Keyword 'SWAT' is unhandled for output to file.
Warning: Keyword 'VGAS' is unhandled for output to file.
Warning: Keyword 'VOIL' is unhandled for output to file.
Warning: Keyword 'VWAT' is unhandled for output to file.
Warning: Keyword 'WELLS' is unhandled for output to file.
Warning: Keyword 'WELSPECS' is unhandled for output to file.


---------------    Simulation step number 13    ---------------
      Current time (days)     1300
      Current stepsize (days) 100
      Total time (days)       1500



Time step   13 at day 1300/1500, date = 24-Jul-2020

Adaptive time step (0), stepsize 100 days.
Iter  W-FLUX(W)  W-FLUX(O)  W-FLUX(G)
   0  6.620e-12  4.595e-12  3.878e-12
well converged iter: 0
Iter   MB(Wat)    MB(Oil)    MB(Gas)     CNV(W)     CNV(O)     CNV(G)   W-FLUX(W)  W-FLUX(O)  W-FLUX(G)
   0  1.596e-03  1.597e-03  1.265e-03  1.026e-02  1.027e-02  8.137e-03  6.620e-12  4.595e-12  3.878e-12
   1  1.017e-05  3.657e-06  2.913e-06  2.330e-03  8.533e-04  6.782e-04  3.950e-07  3.778e-07  2.986e-07
   2  7.743e-08  1.199e-08  9.506e-09  1.859e-05  5.331e-06  4.220e-06  5.542e-12  2.938e-12  2.084e-12
Overall linear iterations used: 8
non-linear iterations = 2, total linear iterations = 8
Sub steps started at time = 1300 (days)
 step[ 0 ] = 100 (days)
sub steps end time = 1400 (days)
Suggested next step size = 300 (days)

                                                  ===================================================
                                                  :                   Field Totals                  :
                                                  :      PAV  =       255.537  PSIA                 :
                                                  :      PORV =       6605754   RB                  :
                                                  : Pressure is weighted by hydrocarbon pore voulme :
                                                  : Pore volumes are taken at reference conditions  :
                         :--------------- Oil    STB ---------------:-- Wat    STB --:--------------- Gas   MSCF ---------------:
                         :      Liquid        Vapour        Total   :      Total     :      Free        Dissolved       Total   :
:------------------------:------------------------------------------:----------------:------------------------------------------:
:Currently   in place    :      14589420             0      14589420:     25304159   :           138      20348887      20349025:
:------------------------:------------------------------------------:----------------:------------------------------------------:
:Originally  in place    :      16084601             0      16084601:     23614487   :             0      22429989      22429989:
:========================:==========================================:================:==========================================:

                                                  ===================================================
                                                  :        FIPNUM report region   1                 :
                                                  :      PAV  =       3706.25  PSIA                 :
                                                  :      PORV =      41548942   RB                  :
                         :--------------- Oil    STB ---------------:-- Wat    STB --:--------------- Gas   MSCF ---------------:
                         :      Liquid        Vapour        Total   :      Total     :      Free        Dissolved       Total   :
:------------------------:------------------------------------------:----------------:------------------------------------------:
:Currently   in place    :      14589420             0      14589420:     25304159   :           138      20348887      20349025:
:------------------------:------------------------------------------:----------------:------------------------------------------:
:Originally  in place    :      16084601             0      16084601:     23614487   :             0      22429989      22429989:
:========================:==========================================:================:==========================================:

Fully implicit solver took: 0.014677 seconds. Total solver time taken: 0.259616 seconds.
Warning: Writing bubble points and dew points (PBPD) to file is unsupported, as the simulator does not use these internally.
Warning: Keyword 'AQUCT' is unhandled for output to file.
Warning: Keyword 'BASIC' is unhandled for output to file.
Warning: Keyword 'CPU' is unhandled for output to file.
Warning: Keyword 'DENG' is unhandled for output to file.
Warning: Keyword 'DENO' is unhandled for output to file.
Warning: Keyword 'DENW' is unhandled for output to file.
Warning: Keyword 'DRAIN' is unhandled for output to file.
Warning: Keyword 'FIP' is unhandled for output to file.
Warning: Keyword 'FLOWS' is unhandled for output to file.
Warning: Keyword 'FREQ' is unhandled for output to file.
Warning: Keyword 'GASCONC' is unhandled for output to file.
Warning: Keyword 'MULT' is unhandled for output to file.
Warning: Keyword 'NEWTON' is unhandled for output to file.
Warning: Keyword 'PB' is unhandled for output to file.
Warning: Keyword 'PD' is unhandled for output to file.
Warning: Keyword 'PGAS' is unhandled for output to file.
Warning: Keyword 'PGASD' is unhandled for output to file.
Warning: Keyword 'POILD' is unhandled for output to file.
Warning: Keyword 'PORO' is unhandled for output to file.
Warning: Keyword 'POT' is unhandled for output to file.
Warning: Keyword 'PRES' is unhandled for output to file.
Warning: Keyword 'PWAT' is unhandled for output to file.
Warning: Keyword 'PWATD' is unhandled for output to file.
Warning: Keyword 'RESTART' is unhandled for output to file.
Warning: Keyword 'RS' is unhandled for output to file.
Warning: Keyword 'RV' is unhandled for output to file.
Warning: Keyword 'SGAS' is unhandled for output to file.
Warning: Keyword 'SOIL' is unhandled for output to file.
Warning: Keyword 'SUMMARY' is unhandled for output to file.
Warning: Keyword 'SWAT' is unhandled for output to file.
Warning: Keyword 'VGAS' is unhandled for output to file.
Warning: Keyword 'VOIL' is unhandled for output to file.
Warning: Keyword 'VWAT' is unhandled for output to file.
Warning: Keyword 'WELLS' is unhandled for output to file.
Warning: Keyword 'WELSPECS' is unhandled for output to file.


---------------    Simulation step number 14    ---------------
      Current time (days)     1400
      Current stepsize (days) 100
      Total time (days)       1500



Time step   14 at day 1400/1500, date = 01-Nov-2020

Adaptive time step (0), stepsize 100 days.
Iter  W-FLUX(W)  W-FLUX(O)  W-FLUX(G)
   0  5.542e-12  2.938e-12  2.084e-12
well converged iter: 0
Iter   MB(Wat)    MB(Oil)    MB(Gas)     CNV(W)     CNV(O)     CNV(G)   W-FLUX(W)  W-FLUX(O)  W-FLUX(G)
   0  1.519e-03  1.521e-03  1.205e-03  8.991e-03  9.000e-03  7.133e-03  5.542e-12  2.938e-12  2.084e-12
   1  9.698e-06  3.356e-06  2.674e-06  1.949e-03  8.360e-04  6.639e-04  3.236e-07  2.231e-07  1.762e-07
Overall linear iterations used: 2
non-linear iterations = 1, total linear iterations = 2
Sub steps started at time = 1400 (days)
 step[ 0 ] = 100 (days)
sub steps end time = 1500 (days)
Suggested next step size = 300 (days)

                                                  ===================================================
                                                  :                   Field Totals                  :
                                                  :      PAV  =       255.537  PSIA                 :
                                                  :      PORV =       6605754   RB                  :
                                                  : Pressure is weighted by hydrocarbon pore voulme :
                                                  : Pore volumes are taken at reference conditions  :
                         :--------------- Oil    STB ---------------:-- Wat    STB --:--------------- Gas   MSCF ---------------:
                         :      Liquid        Vapour        Total   :      Total     :      Free        Dissolved       Total   :
:------------------------:------------------------------------------:----------------:------------------------------------------:
:Currently   in place    :      14534928             0      14534928:     25364416   :           141      20273024      20273165:
:------------------------:------------------------------------------:----------------:------------------------------------------:
:Originally  in place    :      16084601             0      16084601:     23614487   :             0      22429989      22429989:
:========================:==========================================:================:==========================================:

                                                  ===================================================
                                                  :        FIPNUM report region   1                 :
                                                  :      PAV  =       3706.25  PSIA                 :
                                                  :      PORV =      41548942   RB                  :
                         :--------------- Oil    STB ---------------:-- Wat    STB --:--------------- Gas   MSCF ---------------:
                         :      Liquid        Vapour        Total   :      Total     :      Free        Dissolved       Total   :
:------------------------:------------------------------------------:----------------:------------------------------------------:
:Currently   in place    :      14534928             0      14534928:     25364416   :           141      20273024      20273165:
:------------------------:------------------------------------------:----------------:------------------------------------------:
:Originally  in place    :      16084601             0      16084601:     23614487   :             0      22429989      22429989:
:========================:==========================================:================:==========================================:

Fully implicit solver took: 0.009137 seconds. Total solver time taken: 0.268753 seconds.
Warning: Writing bubble points and dew points (PBPD) to file is unsupported, as the simulator does not use these internally.
Warning: Keyword 'AQUCT' is unhandled for output to file.
Warning: Keyword 'BASIC' is unhandled for output to file.
Warning: Keyword 'CPU' is unhandled for output to file.
Warning: Keyword 'DENG' is unhandled for output to file.
Warning: Keyword 'DENO' is unhandled for output to file.
Warning: Keyword 'DENW' is unhandled for output to file.
Warning: Keyword 'DRAIN' is unhandled for output to file.
Warning: Keyword 'FIP' is unhandled for output to file.
Warning: Keyword 'FLOWS' is unhandled for output to file.
Warning: Keyword 'FREQ' is unhandled for output to file.
Warning: Keyword 'GASCONC' is unhandled for output to file.
Warning: Keyword 'MULT' is unhandled for output to file.
Warning: Keyword 'NEWTON' is unhandled for output to file.
Warning: Keyword 'PB' is unhandled for output to file.
Warning: Keyword 'PD' is unhandled for output to file.
Warning: Keyword 'PGAS' is unhandled for output to file.
Warning: Keyword 'PGASD' is unhandled for output to file.
Warning: Keyword 'POILD' is unhandled for output to file.
Warning: Keyword 'PORO' is unhandled for output to file.
Warning: Keyword 'POT' is unhandled for output to file.
Warning: Keyword 'PRES' is unhandled for output to file.
Warning: Keyword 'PWAT' is unhandled for output to file.
Warning: Keyword 'PWATD' is unhandled for output to file.
Warning: Keyword 'RESTART' is unhandled for output to file.
Warning: Keyword 'RS' is unhandled for output to file.
Warning: Keyword 'RV' is unhandled for output to file.
Warning: Keyword 'SGAS' is unhandled for output to file.
Warning: Keyword 'SOIL' is unhandled for output to file.
Warning: Keyword 'SUMMARY' is unhandled for output to file.
Warning: Keyword 'SWAT' is unhandled for output to file.
Warning: Keyword 'VGAS' is unhandled for output to file.
Warning: Keyword 'VOIL' is unhandled for output to file.
Warning: Keyword 'VWAT' is unhandled for output to file.
Warning: Keyword 'WELLS' is unhandled for output to file.
Warning: Keyword 'WELSPECS' is unhandled for output to file.


================    End of simulation     ===============

Total time taken (seconds):  0.280961
Solver time (seconds):       0.268753
Overall Linearizations:      54
Overall Newton Iterations:   38
Overall Linear Iterations:   154



Error summary:
Warnings          540
Info              54
Errors            0
Bugs              0
Debug             0
Problems          0

